# JRE version: Java(TM) SE Runtime Environment (8.0_202-b08) (build 1.8.0_202-b08)
# Java VM: Java HotSpot(TM) 64-Bit Server VM (25.202-b08 mixed mode windows-amd64 compressed oops)
Heap:
 PSYoungGen      total 33280K, used 27665K [0x000000076b600000, 0x000000076e680000, 0x00000007c0000000)
  eden space 29184K, 81% used [0x000000076b600000,0x000000076cd3b370,0x000000076d280000)
  from space 4096K, 94% used [0x000000076e280000,0x000000076e649248,0x000000076e680000)
  to   space 6144K, 0% used [0x000000076da80000,0x000000076da80000,0x000000076e080000)
 ParOldGen       total 20480K, used 13130K [0x00000006c2200000, 0x00000006c3600000, 0x000000076b600000)
  object space 20480K, 64% used [0x00000006c2200000,0x00000006c2ed28e0,0x00000006c3600000)
 Metaspace       used 10253K, capacity 10688K, committed 10880K, reserved 1058816K
  class space    used 1111K, capacity 1140K, committed 1152K, reserved 1048576K
GC Heap History (10 events):
Event: 0.937 GC heap before
{Heap before GC invocations=7 (full 0):
 PSYoungGen      total 13824K, used 12925K [0x000000076b600000, 0x000000076c500000, 0x00000007c0000000)
  eden space 12288K, 99% used [0x000000076b600000,0x000000076c1f4b68,0x000000076c200000)
  from space 1536K, 44% used [0x000000076c380000,0x000000076c42aa38,0x000000076c500000)
  to   space 1536K, 0% used [0x000000076c200000,0x000000076c200000,0x000000076c380000)
 ParOldGen       total 5632K, used 1671K [0x00000006c2200000, 0x00000006c2780000, 0x000000076b600000)
  object space 5632K, 29% used [0x00000006c2200000,0x00000006c23a1e90,0x00000006c2780000)
 Metaspace       used 6798K, capacity 7796K, committed 8064K, reserved 1056768K
  class space    used 848K, capacity 880K, committed 896K, reserved 1048576K
Event: 0.938 GC heap after
Heap after GC invocations=7 (full 0):
 PSYoungGen      total 13824K, used 526K [0x000000076b600000, 0x000000076d100000, 0x00000007c0000000)
  eden space 12288K, 0% used [0x000000076b600000,0x000000076b600000,0x000000076c200000)
  from space 1536K, 34% used [0x000000076c200000,0x000000076c283a80,0x000000076c380000)
  to   space 1536K, 0% used [0x000000076cf80000,0x000000076cf80000,0x000000076d100000)
 ParOldGen       total 5632K, used 1825K [0x00000006c2200000, 0x00000006c2780000, 0x000000076b600000)
  object space 5632K, 32% used [0x00000006c2200000,0x00000006c23c8780,0x00000006c2780000)
 Metaspace       used 6798K, capacity 7796K, committed 8064K, reserved 1056768K
  class space    used 848K, capacity 880K, committed 896K, reserved 1048576K
}
Event: 1.347 GC heap before
{Heap before GC invocations=8 (full 0):
 PSYoungGen      total 13824K, used 12814K [0x000000076b600000, 0x000000076d100000, 0x00000007c0000000)
  eden space 12288K, 100% used [0x000000076b600000,0x000000076c200000,0x000000076c200000)
  from space 1536K, 34% used [0x000000076c200000,0x000000076c283a80,0x000000076c380000)
  to   space 1536K, 0% used [0x000000076cf80000,0x000000076cf80000,0x000000076d100000)
 ParOldGen       total 5632K, used 1825K [0x00000006c2200000, 0x00000006c2780000, 0x000000076b600000)
  object space 5632K, 32% used [0x00000006c2200000,0x00000006c23c8780,0x00000006c2780000)
 Metaspace       used 6906K, capacity 7860K, committed 8064K, reserved 1056768K
  class space    used 856K, capacity 880K, committed 896K, reserved 1048576K
Event: 1.351 GC heap after
Heap after GC invocations=8 (full 0):
 PSYoungGen      total 26112K, used 1096K [0x000000076b600000, 0x000000076d100000, 0x00000007c0000000)
  eden space 24576K, 0% used [0x000000076b600000,0x000000076b600000,0x000000076ce00000)
  from space 1536K, 71% used [0x000000076cf80000,0x000000076d092240,0x000000076d100000)
  to   space 1536K, 0% used [0x000000076ce00000,0x000000076ce00000,0x000000076cf80000)
 ParOldGen       total 5632K, used 2121K [0x00000006c2200000, 0x00000006c2780000, 0x000000076b600000)
  object space 5632K, 37% used [0x00000006c2200000,0x00000006c2412780,0x00000006c2780000)
 Metaspace       used 6906K, capacity 7860K, committed 8064K, reserved 1056768K
  class space    used 856K, capacity 880K, committed 896K, reserved 1048576K
}
Event: 2.433 GC heap before
{Heap before GC invocations=9 (full 0):
 PSYoungGen      total 26112K, used 25672K [0x000000076b600000, 0x000000076d100000, 0x00000007c0000000)
  eden space 24576K, 100% used [0x000000076b600000,0x000000076ce00000,0x000000076ce00000)
  from space 1536K, 71% used [0x000000076cf80000,0x000000076d092240,0x000000076d100000)
  to   space 1536K, 0% used [0x000000076ce00000,0x000000076ce00000,0x000000076cf80000)
 ParOldGen       total 5632K, used 2121K [0x00000006c2200000, 0x00000006c2780000, 0x000000076b600000)
  object space 5632K, 37% used [0x00000006c2200000,0x00000006c2412780,0x00000006c2780000)
 Metaspace       used 7592K, capacity 8372K, committed 8704K, reserved 1056768K
  class space    used 901K, capacity 944K, committed 1024K, reserved 1048576K
Event: 2.543 GC heap after
Heap after GC invocations=9 (full 0):
 PSYoungGen      total 26112K, used 1526K [0x000000076b600000, 0x000000076e880000, 0x00000007c0000000)
  eden space 24576K, 0% used [0x000000076b600000,0x000000076b600000,0x000000076ce00000)
  from space 1536K, 99% used [0x000000076ce00000,0x000000076cf7da00,0x000000076cf80000)
  to   space 6144K, 0% used [0x000000076e280000,0x000000076e280000,0x000000076e880000)
 ParOldGen       total 13312K, used 12481K [0x00000006c2200000, 0x00000006c2f00000, 0x000000076b600000)
  object space 13312K, 93% used [0x00000006c2200000,0x00000006c2e30400,0x00000006c2f00000)
 Metaspace       used 7592K, capacity 8372K, committed 8704K, reserved 1056768K
  class space    used 901K, capacity 944K, committed 1024K, reserved 1048576K
}
Event: 2.547 GC heap before
{Heap before GC invocations=10 (full 1):
 PSYoungGen      total 26112K, used 1526K [0x000000076b600000, 0x000000076e880000, 0x00000007c0000000)
  eden space 24576K, 0% used [0x000000076b600000,0x000000076b600000,0x000000076ce00000)
  from space 1536K, 99% used [0x000000076ce00000,0x000000076cf7da00,0x000000076cf80000)
  to   space 6144K, 0% used [0x000000076e280000,0x000000076e280000,0x000000076e880000)
 ParOldGen       total 13312K, used 12481K [0x00000006c2200000, 0x00000006c2f00000, 0x000000076b600000)
  object space 13312K, 93% used [0x00000006c2200000,0x00000006c2e30400,0x00000006c2f00000)
 Metaspace       used 7592K, capacity 8372K, committed 8704K, reserved 1056768K
  class space    used 901K, capacity 944K, committed 1024K, reserved 1048576K
Event: 2.990 GC heap after
Heap after GC invocations=10 (full 1):
 PSYoungGen      total 26112K, used 501K [0x000000076b600000, 0x000000076e880000, 0x00000007c0000000)
  eden space 24576K, 0% used [0x000000076b600000,0x000000076b600000,0x000000076ce00000)
  from space 1536K, 32% used [0x000000076ce00000,0x000000076ce7d700,0x000000076cf80000)
  to   space 6144K, 0% used [0x000000076e280000,0x000000076e280000,0x000000076e880000)
 ParOldGen       total 20480K, used 13122K [0x00000006c2200000, 0x00000006c3600000, 0x000000076b600000)
  object space 20480K, 64% used [0x00000006c2200000,0x00000006c2ed08e0,0x00000006c3600000)
 Metaspace       used 7592K, capacity 8372K, committed 8704K, reserved 1056768K
  class space    used 901K, capacity 944K, committed 1024K, reserved 1048576K
}
Event: 7.902 GC heap before
{Heap before GC invocations=11 (full 1):
 PSYoungGen      total 26112K, used 25077K [0x000000076b600000, 0x000000076e880000, 0x00000007c0000000)
  eden space 24576K, 100% used [0x000000076b600000,0x000000076ce00000,0x000000076ce00000)
  from space 1536K, 32% used [0x000000076ce00000,0x000000076ce7d700,0x000000076cf80000)
  to   space 6144K, 0% used [0x000000076e280000,0x000000076e280000,0x000000076e880000)
 ParOldGen       total 20480K, used 13122K [0x00000006c2200000, 0x00000006c3600000, 0x000000076b600000)
  object space 20480K, 64% used [0x00000006c2200000,0x00000006c2ed08e0,0x00000006c3600000)
 Metaspace       used 8049K, capacity 8756K, committed 8960K, reserved 1056768K
  class space    used 920K, capacity 944K, committed 1024K, reserved 1048576K
Event: 7.921 GC heap after
Heap after GC invocations=11 (full 1):
 PSYoungGen      total 33280K, used 3876K [0x000000076b600000, 0x000000076e680000, 0x00000007c0000000)
  eden space 29184K, 0% used [0x000000076b600000,0x000000076b600000,0x000000076d280000)
  from space 4096K, 94% used [0x000000076e280000,0x000000076e649248,0x000000076e680000)
  to   space 6144K, 0% used [0x000000076da80000,0x000000076da80000,0x000000076e080000)
 ParOldGen       total 20480K, used 13130K [0x00000006c2200000, 0x00000006c3600000, 0x000000076b600000)
  object space 20480K, 64% used [0x00000006c2200000,0x00000006c2ed28e0,0x00000006c3600000)
 Metaspace       used 8049K, capacity 8756K, committed 8960K, reserved 1056768K
  class space    used 920K, capacity 944K, committed 1024K, reserved 1048576K
}

